<?xml version="1.0" encoding="UTF-8"?>
<!-- Generated by org.testng.reporters.JUnitReportReporter -->
<testsuite hostname="LAPTOP-OE1URFOU" failures="0" tests="1" name="testCase.test1" time="6.428" errors="0" timestamp="2023-05-26T15:52:45 IST" skipped="0">
  <testcase classname="testCase.test1" name="execute" time="6.428"/>
  <system-out/>
</testsuite> <!-- testCase.test1 -->
